Determining if the pthread_create exist failed with the following output:
Change Dir: /home/trouble/ros_ws/motion_planning_alpha/src/cmake-build-debug/CMakeFiles/CMakeTmp

Run Build Command:"/usr/bin/make" "cmTC_5e0e2/fast"
/usr/bin/make -f CMakeFiles/cmTC_5e0e2.dir/build.make CMakeFiles/cmTC_5e0e2.dir/build
make[1]: Entering directory '/home/trouble/ros_ws/motion_planning_alpha/src/cmake-build-debug/CMakeFiles/CMakeTmp'
Building C object CMakeFiles/cmTC_5e0e2.dir/CheckSymbolExists.c.o
/usr/bin/cc    -o CMakeFiles/cmTC_5e0e2.dir/CheckSymbolExists.c.o   -c /home/trouble/ros_ws/motion_planning_alpha/src/cmake-build-debug/CMakeFiles/CMakeTmp/CheckSymbolExists.c
Linking C executable cmTC_5e0e2
/snap/clion/44/bin/cmake/linux/bin/cmake -E cmake_link_script CMakeFiles/cmTC_5e0e2.dir/link.txt --verbose=1
/usr/bin/cc      -rdynamic CMakeFiles/cmTC_5e0e2.dir/CheckSymbolExists.c.o  -o cmTC_5e0e2 
CMakeFiles/cmTC_5e0e2.dir/CheckSymbolExists.c.o: In function `main':
CheckSymbolExists.c:(.text+0x16): undefined reference to `pthread_create'
collect2: error: ld returned 1 exit status
CMakeFiles/cmTC_5e0e2.dir/build.make:86: recipe for target 'cmTC_5e0e2' failed
make[1]: *** [cmTC_5e0e2] Error 1
make[1]: Leaving directory '/home/trouble/ros_ws/motion_planning_alpha/src/cmake-build-debug/CMakeFiles/CMakeTmp'
Makefile:121: recipe for target 'cmTC_5e0e2/fast' failed
make: *** [cmTC_5e0e2/fast] Error 2

File /home/trouble/ros_ws/motion_planning_alpha/src/cmake-build-debug/CMakeFiles/CMakeTmp/CheckSymbolExists.c:
/* */
#include <pthread.h>

int main(int argc, char** argv)
{
  (void)argv;
#ifndef pthread_create
  return ((int*)(&pthread_create))[argc];
#else
  (void)argc;
  return 0;
#endif
}

Determining if the function pthread_create exists in the pthreads failed with the following output:
Change Dir: /home/trouble/ros_ws/motion_planning_alpha/src/cmake-build-debug/CMakeFiles/CMakeTmp

Run Build Command:"/usr/bin/make" "cmTC_ac02e/fast"
/usr/bin/make -f CMakeFiles/cmTC_ac02e.dir/build.make CMakeFiles/cmTC_ac02e.dir/build
make[1]: Entering directory '/home/trouble/ros_ws/motion_planning_alpha/src/cmake-build-debug/CMakeFiles/CMakeTmp'
Building C object CMakeFiles/cmTC_ac02e.dir/CheckFunctionExists.c.o
/usr/bin/cc   -DCHECK_FUNCTION_EXISTS=pthread_create   -o CMakeFiles/cmTC_ac02e.dir/CheckFunctionExists.c.o   -c /snap/clion/44/bin/cmake/linux/share/cmake-3.12/Modules/CheckFunctionExists.c
Linking C executable cmTC_ac02e
/snap/clion/44/bin/cmake/linux/bin/cmake -E cmake_link_script CMakeFiles/cmTC_ac02e.dir/link.txt --verbose=1
/usr/bin/cc  -DCHECK_FUNCTION_EXISTS=pthread_create    -rdynamic CMakeFiles/cmTC_ac02e.dir/CheckFunctionExists.c.o  -o cmTC_ac02e -lpthreads 
/usr/bin/ld: cannot find -lpthreads
collect2: error: ld returned 1 exit status
CMakeFiles/cmTC_ac02e.dir/build.make:86: recipe for target 'cmTC_ac02e' failed
make[1]: *** [cmTC_ac02e] Error 1
make[1]: Leaving directory '/home/trouble/ros_ws/motion_planning_alpha/src/cmake-build-debug/CMakeFiles/CMakeTmp'
Makefile:121: recipe for target 'cmTC_ac02e/fast' failed
make: *** [cmTC_ac02e/fast] Error 2


